<?xml version="1.0" encoding="UTF-8"?>
<!-- Generated by org.testng.reporters.JUnitReportReporter -->
<testsuite hostname="IN-PF3JH9PD" failures="0" tests="1" name="com.test.Jenkinstest" time="0.009" errors="0" timestamp="2023-09-21T17:33:43 IST" skipped="0">
  <testcase classname="com.test.Jenkinstest" name="test" time="0.009"/>
  <system-out/>
</testsuite> <!-- com.test.Jenkinstest -->
